Start testing: May 21 20:50 UTC
----------------------------------------------------------
1/1 Testing: test_version
1/1 Test: test_version
Command: "/mnt/c/Users/savch/Study/Professional_Cpp/otus_cpp/Homework1/build/test_version"
Directory: /mnt/c/Users/savch/Study/Professional_Cpp/otus_cpp/Homework1/build
"test_version" start time: May 21 20:50 UTC
Output:
----------------------------------------------------------
Running 1 test case...

[1;32;49m*** No errors detected
[0;39;49m
<end of output>
Test time =   0.01 sec
----------------------------------------------------------
Test Passed.
"test_version" end time: May 21 20:50 UTC
"test_version" time elapsed: 00:00:00
----------------------------------------------------------

End testing: May 21 20:50 UTC
